# JRE version: Java(TM) SE Runtime Environment (8.0_91-b15) (build 1.8.0_91-b15)
# Java VM: Java HotSpot(TM) Client VM (25.91-b15 mixed mode, sharing windows-x86 )
Heap:
 def new generation   total 4928K, used 1990K [0x04e00000, 0x05350000, 0x0a350000)
  eden space 4416K,  45% used [0x04e00000, 0x04ff19f8, 0x05250000)
  from space 512K,   0% used [0x052d0000, 0x052d0010, 0x05350000)
  to   space 512K,   0% used [0x05250000, 0x05250000, 0x052d0000)
 tenured generation   total 10944K, used 319K [0x0a350000, 0x0ae00000, 0x14e00000)
   the space 10944K,   2% used [0x0a350000, 0x0a39fc28, 0x0a39fe00, 0x0ae00000)
 Metaspace       used 95K, capacity 2312K, committed 2368K, reserved 4480K
GC Heap History (6 events):
Event: 2.757 GC heap before
{Heap before GC invocations=0 (full 0):
 def new generation   total 4928K, used 4416K [0x04e00000, 0x05350000, 0x0a350000)
  eden space 4416K, 100% used [0x04e00000, 0x05250000, 0x05250000)
  from space 512K,   0% used [0x05250000, 0x05250000, 0x052d0000)
  to   space 512K,   0% used [0x052d0000, 0x052d0000, 0x05350000)
 tenured generation   total 10944K, used 0K [0x0a350000, 0x0ae00000, 0x14e00000)
   the space 10944K,   0% used [0x0a350000, 0x0a350000, 0x0a350200, 0x0ae00000)
 Metaspace       used 63K, capacity 2280K, committed 2368K, reserved 4480K
Event: 2.772 GC heap after
Heap after GC invocations=1 (full 0):
 def new generation   total 4928K, used 329K [0x04e00000, 0x05350000, 0x0a350000)
  eden space 4416K,   0% used [0x04e00000, 0x04e00000, 0x05250000)
  from space 512K,  64% used [0x052d0000, 0x05322720, 0x05350000)
  to   space 512K,   0% used [0x05250000, 0x05250000, 0x052d0000)
 tenured generation   total 10944K, used 0K [0x0a350000, 0x0ae00000, 0x14e00000)
   the space 10944K,   0% used [0x0a350000, 0x0a350000, 0x0a350200, 0x0ae00000)
 Metaspace       used 63K, capacity 2280K, committed 2368K, reserved 4480K
}
Event: 5.839 GC heap before
{Heap before GC invocations=1 (full 0):
 def new generation   total 4928K, used 4745K [0x04e00000, 0x05350000, 0x0a350000)
  eden space 4416K, 100% used [0x04e00000, 0x05250000, 0x05250000)
  from space 512K,  64% used [0x052d0000, 0x05322720, 0x05350000)
  to   space 512K,   0% used [0x05250000, 0x05250000, 0x052d0000)
 tenured generation   total 10944K, used 0K [0x0a350000, 0x0ae00000, 0x14e00000)
   the space 10944K,   0% used [0x0a350000, 0x0a350000, 0x0a350200, 0x0ae00000)
 Metaspace       used 64K, capacity 2280K, committed 2368K, reserved 4480K
Event: 5.839 GC heap after
Heap after GC invocations=2 (full 0):
 def new generation   total 4928K, used 0K [0x04e00000, 0x05350000, 0x0a350000)
  eden space 4416K,   0% used [0x04e00000, 0x04e00000, 0x05250000)
  from space 512K,   0% used [0x05250000, 0x05250040, 0x052d0000)
  to   space 512K,   0% used [0x052d0000, 0x052d0000, 0x05350000)
 tenured generation   total 10944K, used 319K [0x0a350000, 0x0ae00000, 0x14e00000)
   the space 10944K,   2% used [0x0a350000, 0x0a39fc28, 0x0a39fe00, 0x0ae00000)
 Metaspace       used 64K, capacity 2280K, committed 2368K, reserved 4480K
}
Event: 8.968 GC heap before
{Heap before GC invocations=2 (full 0):
 def new generation   total 4928K, used 4416K [0x04e00000, 0x05350000, 0x0a350000)
  eden space 4416K, 100% used [0x04e00000, 0x05250000, 0x05250000)
  from space 512K,   0% used [0x05250000, 0x05250040, 0x052d0000)
  to   space 512K,   0% used [0x052d0000, 0x052d0000, 0x05350000)
 tenured generation   total 10944K, used 319K [0x0a350000, 0x0ae00000, 0x14e00000)
   the space 10944K,   2% used [0x0a350000, 0x0a39fc28, 0x0a39fe00, 0x0ae00000)
 Metaspace       used 64K, capacity 2280K, committed 2368K, reserved 4480K
Event: 8.990 GC heap after
Heap after GC invocations=3 (full 0):
 def new generation   total 4928K, used 0K [0x04e00000, 0x05350000, 0x0a350000)
  eden space 4416K,   0% used [0x04e00000, 0x04e00000, 0x05250000)
  from space 512K,   0% used [0x052d0000, 0x052d0010, 0x05350000)
  to   space 512K,   0% used [0x05250000, 0x05250000, 0x052d0000)
 tenured generation   total 10944K, used 319K [0x0a350000, 0x0ae00000, 0x14e00000)
   the space 10944K,   2% used [0x0a350000, 0x0a39fc28, 0x0a39fe00, 0x0ae00000)
 Metaspace       used 64K, capacity 2280K, committed 2368K, reserved 4480K
}

